<?xml version="1.0" encoding="UTF-8"?>
<testng-results skipped="0" failed="0" ignored="0" total="1" passed="1">
  <reporter-output>
  </reporter-output>
  <suite name="Default suite" duration-ms="48488" started-at="2021-01-18T15:38:21 IST" finished-at="2021-01-18T15:39:10 IST">
    <groups>
    </groups>
    <test name="Default test" duration-ms="48488" started-at="2021-01-18T15:38:21 IST" finished-at="2021-01-18T15:39:10 IST">
      <class name="Test.Runner">
        <test-method status="PASS" signature="ESS_LeaveRequest()[pri:0, instance:Test.Runner@51e2adc7]" name="ESS_LeaveRequest" duration-ms="48424" started-at="2021-01-18T15:38:21 IST" finished-at="2021-01-18T15:39:10 IST">
          <reporter-output>
          </reporter-output>
        </test-method> <!-- ESS_LeaveRequest -->
      </class> <!-- Test.Runner -->
    </test> <!-- Default test -->
  </suite> <!-- Default suite -->
</testng-results>
